Removed Pin From Net: NetName=NetC?_2 Pin=C?-2
Removed Pin From Net: NetName=NetC?_2 Pin=L?-2
Added Component: Designator=IC?(DIP794W56P254L1905H533Q14N)
Add component (AddParameter): Name = "Arrow Part Number"; Value = "LM324N/NOPB"; VariantName = "[No Variations]"
Add component (AddParameter): Name = "Arrow Price/Stock"; Value = "https://www.arrow.com/en/products/lm324nnopb/texas-instruments?region=nac"; VariantName = "[No Variations]"
Add component (AddParameter): Name = "Datasheet Link"; Value = "http://www.ti.com/general/docs/lit/getliterature.tsp?genericPartNumber=LM324-N&fileType=pdf&HQS=ti-null-null-sf-df-pf-sep-wwe&DCM=yes"; VariantName = "[No Variations]"
Add component (AddParameter): Name = "Height"; Value = "5.334mm"; VariantName = "[No Variations]"
Add component (AddParameter): Name = "Manufacturer_Name"; Value = "Texas Instruments"; VariantName = "[No Variations]"
Add component (AddParameter): Name = "Manufacturer_Part_Number"; Value = "LM324N/NOPB"; VariantName = "[No Variations]"
Add component (AddParameter): Name = "Mouser Part Number"; Value = "926-LM324N/NOPB"; VariantName = "[No Variations]"
Add component (AddParameter): Name = "Mouser Price/Stock"; Value = "https://www.mouser.co.uk/ProductDetail/Texas-Instruments/LM324N-NOPB?qs=X1J7HmVL2ZGOUbLumEeh2Q%3D%3D"; VariantName = "[No Variations]"
Add Component: Footprint Not Found RGY-(S-PVQFN-N14)
Added Component: Designator=IC?(DIP794W56P254L1905H533Q14N)
Add component (AddParameter): Name = "Arrow Part Number"; Value = "LM324N/NOPB"; VariantName = "[No Variations]"
Add component (AddParameter): Name = "Arrow Price/Stock"; Value = "https://www.arrow.com/en/products/lm324nnopb/texas-instruments?region=nac"; VariantName = "[No Variations]"
Add component (AddParameter): Name = "Datasheet Link"; Value = "http://www.ti.com/general/docs/lit/getliterature.tsp?genericPartNumber=LM324-N&fileType=pdf&HQS=ti-null-null-sf-df-pf-sep-wwe&DCM=yes"; VariantName = "[No Variations]"
Add component (AddParameter): Name = "Height"; Value = "5.334mm"; VariantName = "[No Variations]"
Add component (AddParameter): Name = "Manufacturer_Name"; Value = "Texas Instruments"; VariantName = "[No Variations]"
Add component (AddParameter): Name = "Manufacturer_Part_Number"; Value = "LM324N/NOPB"; VariantName = "[No Variations]"
Add component (AddParameter): Name = "Mouser Part Number"; Value = "926-LM324N/NOPB"; VariantName = "[No Variations]"
Add component (AddParameter): Name = "Mouser Price/Stock"; Value = "https://www.mouser.co.uk/ProductDetail/Texas-Instruments/LM324N-NOPB?qs=X1J7HmVL2ZGOUbLumEeh2Q%3D%3D"; VariantName = "[No Variations]"
Add Component: Footprint Not Found 61500814221
Add Component: Footprint Not Found RESC1608X55N
Add Component: Footprint Not Found RESC6331X75N
Add Component: Footprint Not Found RESC1608X55N
Added Pin To Net: NetName=NetC?_2 Pin=C?-2
Added Pin To Net: NetName=NetC?_2 Pin=C?-2
Added Pin To Net: NetName=NetC?_2 Pin=IC?-3
Added Pin To Net: NetName=GND Pin=IC?-7
Added Pin To Net: NetName=GND Pin=IC?-11
Added Pin To Net: NetName=GND Pin=IC?-11
Add Pin To Net: Unknown Pin: Pin J?-MH1
Add Pin To Net: Unknown Pin: Pin J?-MH2
Added Pin To Net: NetName=NetC?_2 Pin=L?-1
Add Pin To Net: Unknown Pin: Pin R?-1
Add Pin To Net: Unknown Pin: Pin R?-1
Added Pin To Net: NetName=+5 Pin=C?-2
Added Pin To Net: NetName=+5 Pin=IC?-4
Added Pin To Net: NetName=+5 Pin=IC?-4
Added Pin To Net: NetName=+5 Pin=IC?-14
Added Pin To Net: NetName=+5 Pin=L?-2
Added Net: Name=+5
Added Pin To Net: NetName=Current Output Pin=IC?-1
Added Pin To Net: NetName=Current Output Pin=IC?-3
Added Net: Name=Current Output
Added Pin To Net: NetName=NetIC?_3 Pin=IC?-3
Added Net: Name=NetIC?_3
Added Pin To Net: NetName=ON/OF Output (invert) Pin=IC?-1
Added Pin To Net: NetName=ON/OF Output (invert) Pin=IC?-1
Added Net: Name=ON/OF Output (invert)
Added Pin To Net: NetName=ON/OF Output Pin=IC?-2
Added Net: Name=ON/OF Output
Added Pin To Net: NetName=Voltage Output Pin=IC?-1
Added Pin To Net: NetName=Voltage Output Pin=IC?-2
Added Pin To Net: NetName=Voltage Output Pin=IC?-2
Added Net: Name=Voltage Output
Added Member To Class: ClassName=optic_fiber Member=Component C? GRM21BR61A106KE19L
Added Member To Class: ClassName=optic_fiber Member=Component C? GRM21BR61A106KE19L
Added Member To Class: ClassName=optic_fiber Member=Component IC? AFBR-2624Z
Added Member To Class: ClassName=optic_fiber Member=Component IC? LM324N_NOPB
Added Member To Class: ClassName=optic_fiber Member=Component IC? LM324N_NOPB
Add Class Member: Failed to add class member : Component J? 61500814221
Add Class Member: Failed to add class member : Component R? CR0603-FX-1003HLF
Add Class Member: Failed to add class member : Component R? CR2512-JW-511ELF
Add Class Member: Failed to add class member : Component R? CR0603-FX-1003HLF
