Add Component: Footprint Not Found LEDC1608X65N
Add Component: Footprint Not Found LEDC1608X65N
Add Component: Footprint Not Found LEDC1608X65N
Add Component: Footprint Not Found LEDC1608X65N
Add Component: Footprint Not Found ERJ1GN_(0201)
Add Component: Footprint Not Found ERJ1GN_(0201)
Add Component: Footprint Not Found ERJ1GN_(0201)
Add Component: Footprint Not Found ERJ1GN_(0201)
Add Pin To Net: Unknown Pin: Pin LED?-2
Add Pin To Net: Unknown Pin: Pin LED?-2
Add Pin To Net: Unknown Pin: Pin LED?-2
Add Pin To Net: Unknown Pin: Pin LED?-2
Added Pin To Net: NetName=GND Pin=R?-2
Added Pin To Net: NetName=NetLED?_1 Pin=R?-1
Added Net: Name=NetLED?_1
Add Net: Net with name "NetLED?_1" already exists
Add Net: Net with name "NetLED?_1" already exists
Add Net: Net with name "NetLED?_1" already exists
Added Member To Class: ClassName=RelèBluetooth Member=Component J? 1340152
Added Member To Class: ClassName=RelèBluetooth Member=Component J? 1729128
Added Member To Class: ClassName=RelèBluetooth Member=Component J? 1729128
Added Member To Class: ClassName=RelèBluetooth Member=Component J? 1729128
Added Member To Class: ClassName=RelèBluetooth Member=Component K? G6DN-1A-SL_DC5
Added Member To Class: ClassName=RelèBluetooth Member=Component K? G6DN-1A-SL_DC5
Added Member To Class: ClassName=RelèBluetooth Member=Component K? G6DN-1A-SL_DC5
Add Class Member: Failed to add class member : Component LED? LTST-C191TBKT
Add Class Member: Failed to add class member : Component LED? LTST-C191TBKT
Add Class Member: Failed to add class member : Component LED? LTST-C191TBKT
Add Class Member: Failed to add class member : Component LED? LTST-C191TBKT
Added Member To Class: ClassName=RelèBluetooth Member=Component R? ERJ-1GNF3300C
Added Member To Class: ClassName=RelèBluetooth Member=Component R? ERJ-1GNF3300C
Added Member To Class: ClassName=RelèBluetooth Member=Component R? ERJ-6GEYJ513V
Added Member To Class: ClassName=RelèBluetooth Member=Component R? ERJ-1GNF3300C
