Added Component: Designator=BT?(120591-1)
Add component (AddParameter): Name = "Arrow Part Number"; Value = "120591-1"; VariantName = "[No Variations]"
Add component (AddParameter): Name = "Arrow Price/Stock"; Value = "https://www.arrow.com/en/products/120591-1/te-connectivity?region=nac"; VariantName = "[No Variations]"
Add component (AddParameter): Name = "Datasheet Link"; Value = "http://www.te.com/commerce/DocumentDelivery/DDEController?Action=srchrtrv&DocNm=120591&DocType=Customer+Drawing&DocLang=English&DocFormat=pdf&PartCntxt=120591-1"; VariantName = "[No Variations]"
Add component (AddParameter): Name = "Manufacturer_Name"; Value = "TE Connectivity"; VariantName = "[No Variations]"
Add component (AddParameter): Name = "Manufacturer_Part_Number"; Value = "120591-1"; VariantName = "[No Variations]"
Add component (AddParameter): Name = "Mouser Part Number"; Value = "571-1205911"; VariantName = "[No Variations]"
Add component (AddParameter): Name = "Mouser Price/Stock"; Value = "https://www.mouser.co.uk/ProductDetail/TE-Connectivity/120591-1?qs=cB%252BprIo57OeZ1n1mnEiYEw%3D%3D"; VariantName = "[No Variations]"
Added Pin To Net: NetName=GND Pin=BT?-2
Added Pin To Net: NetName=GND Pin=BT?-3
Added Pin To Net: NetName=+3.7/4V Pin=BT?-1
Added Net: Name=+3.7/4V
Add Net: Net with name "NetLED?_1" already exists
Add Net: Net with name "NetLED?_1" already exists
Add Net: Net with name "NetLED?_1" already exists
Added Member To Class: ClassName=RelèBluetooth Member=Component BT? 120591-1
Added Member To Class: ClassName=RelèBluetooth Member=Component J? 1729128
Added Member To Class: ClassName=RelèBluetooth Member=Component J? 1729128
Added Member To Class: ClassName=RelèBluetooth Member=Component J? 1729128
Added Member To Class: ClassName=RelèBluetooth Member=Component J? 1340152
Added Member To Class: ClassName=RelèBluetooth Member=Component K? G6DN-1A-SL_DC5
Added Member To Class: ClassName=RelèBluetooth Member=Component K? G6DN-1A-SL_DC5
Added Member To Class: ClassName=RelèBluetooth Member=Component K? G6DN-1A-SL_DC5
Added Member To Class: ClassName=RelèBluetooth Member=Component LED? LTST-C191TBKT
Added Member To Class: ClassName=RelèBluetooth Member=Component LED? LTST-C191TBKT
Added Member To Class: ClassName=RelèBluetooth Member=Component LED? LTST-C191TBKT
Added Member To Class: ClassName=RelèBluetooth Member=Component R? ERJ-1GNF3300C
Added Member To Class: ClassName=RelèBluetooth Member=Component R? ERJ-6GEYJ513V
Added Member To Class: ClassName=RelèBluetooth Member=Component R? ERJ-1GNF3300C
Added Member To Class: ClassName=RelèBluetooth Member=Component R? ERJ-1GNF3300C
