Removed Pin From Net: NetName=RF_Connector Pin=J1-1
Removed Pin From Net: NetName=GND Pin=J1-2
Removed Pin From Net: NetName=GND Pin=J1-3
Removed Pin From Net: NetName=GND Pin=J1-4
Removed Pin From Net: NetName=GND Pin=J1-5
Removed Member From Class: ClassName=RelèBluetooth Member=J1
Added Component: Designator=J?(731000114)
Add component (AddParameter): Name = "Arrow Part Number"; Value = "73100-0114"; VariantName = "[No Variations]"
Add component (AddParameter): Name = "Arrow Price/Stock"; Value = "https://www.arrow.com/en/products/73100-0114/molex?region=nac"; VariantName = "[No Variations]"
Add component (AddParameter): Name = "Datasheet Link"; Value = "https://www.molex.com/pdm_docs/sd/731000114_sd.pdf"; VariantName = "[No Variations]"
Add component (AddParameter): Name = "Height"; Value = "9.57mm"; VariantName = "[No Variations]"
Add component (AddParameter): Name = "Manufacturer_Name"; Value = "Molex"; VariantName = "[No Variations]"
Add component (AddParameter): Name = "Manufacturer_Part_Number"; Value = "73100-0114"; VariantName = "[No Variations]"
Add component (AddParameter): Name = "Mouser Part Number"; Value = "538-73100-0114"; VariantName = "[No Variations]"
Add component (AddParameter): Name = "Mouser Price/Stock"; Value = "https://www.mouser.co.uk/ProductDetail/Molex/73100-0114?qs=ohtcwxb5zIvxHEM9IPQ5cQ%3D%3D"; VariantName = "[No Variations]"
Added Pin To Net: NetName=RF_Connector Pin=J?-1
Added Pin To Net: NetName=GND Pin=J?-2
Added Pin To Net: NetName=GND Pin=J?-3
Added Pin To Net: NetName=GND Pin=J?-4
Added Pin To Net: NetName=GND Pin=J?-5
Added Member To Class: ClassName=RelèBluetooth Member=Component J4 1729128
Added Member To Class: ClassName=RelèBluetooth Member=Component J? 73100-0114
Added Member To Class: ClassName=RelèBluetooth Member=Component K3 G6DN-1A-SL_DC5
Added Member To Class: ClassName=RelèBluetooth Member=Component LED1 LTST-C191TBKT
Added Member To Class: ClassName=RelèBluetooth Member=Component R4 ERJ-1GNF3300C
