Added Component: Designator=K?(G6DN1ASLDC5)
Add component (AddParameter): Name = "Arrow Part Number"; Value = "G6DN-1A-SL DC5"; VariantName = "[No Variations]"
Add component (AddParameter): Name = "Arrow Price/Stock"; Value = "https://www.arrow.com/en/products/g6dn-1a-sl-dc5/omron?region=nac"; VariantName = "[No Variations]"
Add component (AddParameter): Name = "Datasheet Link"; Value = "https://datasheet.lcsc.com/szlcsc/1909171832_Omron-Electronics-G6DN-1A-SL-DC5_C397208.pdf"; VariantName = "[No Variations]"
Add component (AddParameter): Name = "Height"; Value = "12.5mm"; VariantName = "[No Variations]"
Add component (AddParameter): Name = "Manufacturer_Name"; Value = "Omron Electronics"; VariantName = "[No Variations]"
Add component (AddParameter): Name = "Manufacturer_Part_Number"; Value = "G6DN-1A-SL DC5"; VariantName = "[No Variations]"
Add component (AddParameter): Name = "Mouser Part Number"; Value = "653-G6DN-1A-SL-DC5"; VariantName = "[No Variations]"
Add component (AddParameter): Name = "Mouser Price/Stock"; Value = "https://www.mouser.co.uk/ProductDetail/Omron-Electronics/G6DN-1A-SL-DC5?qs=Cb2nCFKsA8rQaEt13kEruA%3D%3D"; VariantName = "[No Variations]"
Added Component: Designator=K?(G6DN1ASLDC5)
Add component (AddParameter): Name = "Arrow Part Number"; Value = "G6DN-1A-SL DC5"; VariantName = "[No Variations]"
Add component (AddParameter): Name = "Arrow Price/Stock"; Value = "https://www.arrow.com/en/products/g6dn-1a-sl-dc5/omron?region=nac"; VariantName = "[No Variations]"
Add component (AddParameter): Name = "Datasheet Link"; Value = "https://datasheet.lcsc.com/szlcsc/1909171832_Omron-Electronics-G6DN-1A-SL-DC5_C397208.pdf"; VariantName = "[No Variations]"
Add component (AddParameter): Name = "Height"; Value = "12.5mm"; VariantName = "[No Variations]"
Add component (AddParameter): Name = "Manufacturer_Name"; Value = "Omron Electronics"; VariantName = "[No Variations]"
Add component (AddParameter): Name = "Manufacturer_Part_Number"; Value = "G6DN-1A-SL DC5"; VariantName = "[No Variations]"
Add component (AddParameter): Name = "Mouser Part Number"; Value = "653-G6DN-1A-SL-DC5"; VariantName = "[No Variations]"
Add component (AddParameter): Name = "Mouser Price/Stock"; Value = "https://www.mouser.co.uk/ProductDetail/Omron-Electronics/G6DN-1A-SL-DC5?qs=Cb2nCFKsA8rQaEt13kEruA%3D%3D"; VariantName = "[No Variations]"
Added Component: Designator=K?(G6DN1ASLDC5)
Add component (AddParameter): Name = "Arrow Part Number"; Value = "G6DN-1A-SL DC5"; VariantName = "[No Variations]"
Add component (AddParameter): Name = "Arrow Price/Stock"; Value = "https://www.arrow.com/en/products/g6dn-1a-sl-dc5/omron?region=nac"; VariantName = "[No Variations]"
Add component (AddParameter): Name = "Datasheet Link"; Value = "https://datasheet.lcsc.com/szlcsc/1909171832_Omron-Electronics-G6DN-1A-SL-DC5_C397208.pdf"; VariantName = "[No Variations]"
Add component (AddParameter): Name = "Height"; Value = "12.5mm"; VariantName = "[No Variations]"
Add component (AddParameter): Name = "Manufacturer_Name"; Value = "Omron Electronics"; VariantName = "[No Variations]"
Add component (AddParameter): Name = "Manufacturer_Part_Number"; Value = "G6DN-1A-SL DC5"; VariantName = "[No Variations]"
Add component (AddParameter): Name = "Mouser Part Number"; Value = "653-G6DN-1A-SL-DC5"; VariantName = "[No Variations]"
Add component (AddParameter): Name = "Mouser Price/Stock"; Value = "https://www.mouser.co.uk/ProductDetail/Omron-Electronics/G6DN-1A-SL-DC5?qs=Cb2nCFKsA8rQaEt13kEruA%3D%3D"; VariantName = "[No Variations]"
Added Component: Designator=K?(G6DN1ASLDC5)
Add component (AddParameter): Name = "Arrow Part Number"; Value = "G6DN-1A-SL DC5"; VariantName = "[No Variations]"
Add component (AddParameter): Name = "Arrow Price/Stock"; Value = "https://www.arrow.com/en/products/g6dn-1a-sl-dc5/omron?region=nac"; VariantName = "[No Variations]"
Add component (AddParameter): Name = "Datasheet Link"; Value = "https://datasheet.lcsc.com/szlcsc/1909171832_Omron-Electronics-G6DN-1A-SL-DC5_C397208.pdf"; VariantName = "[No Variations]"
Add component (AddParameter): Name = "Height"; Value = "12.5mm"; VariantName = "[No Variations]"
Add component (AddParameter): Name = "Manufacturer_Name"; Value = "Omron Electronics"; VariantName = "[No Variations]"
Add component (AddParameter): Name = "Manufacturer_Part_Number"; Value = "G6DN-1A-SL DC5"; VariantName = "[No Variations]"
Add component (AddParameter): Name = "Mouser Part Number"; Value = "653-G6DN-1A-SL-DC5"; VariantName = "[No Variations]"
Add component (AddParameter): Name = "Mouser Price/Stock"; Value = "https://www.mouser.co.uk/ProductDetail/Omron-Electronics/G6DN-1A-SL-DC5?qs=Cb2nCFKsA8rQaEt13kEruA%3D%3D"; VariantName = "[No Variations]"
Added Member To Class: ClassName=RelèBluetooth Member=Component K? G6DN-1A-SL_DC5
Added Member To Class: ClassName=RelèBluetooth Member=Component K? G6DN-1A-SL_DC5
Added Member To Class: ClassName=RelèBluetooth Member=Component K? G6DN-1A-SL_DC5
Added Member To Class: ClassName=RelèBluetooth Member=Component K? G6DN-1A-SL_DC5
