Removed Pin From Net: NetName=+3.7/4V Pin=U?-1
Added Component: Designator=U?(12BHC186P1GR)
Add component (AddParameter): Name = "Arrow Part Number"; Value = ""; VariantName = "[No Variations]"
Add component (AddParameter): Name = "Arrow Price/Stock"; Value = ""; VariantName = "[No Variations]"
Add component (AddParameter): Name = "Datasheet Link"; Value = "https://www.mouser.co.il/datasheet/2/209/EaglePlastics_EPD_201001-1902272.pdf"; VariantName = "[No Variations]"
Add component (AddParameter): Name = "Height"; Value = "20.5mm"; VariantName = "[No Variations]"
Add component (AddParameter): Name = "Manufacturer_Name"; Value = "Eagle Plastic Devices"; VariantName = "[No Variations]"
Add component (AddParameter): Name = "Manufacturer_Part_Number"; Value = "12BHC186P1-GR"; VariantName = "[No Variations]"
Add component (AddParameter): Name = "Mouser Part Number"; Value = "12BHC186P1-GR"; VariantName = "[No Variations]"
Add component (AddParameter): Name = "Mouser Price/Stock"; Value = "https://www.mouser.co.uk/ProductDetail/Eagle-Plastic-Devices/12BHC186P1-GR?qs=yqaQSyyJnNiNkNtwVjdKJQ%3D%3D"; VariantName = "[No Variations]"
Added Pin To Net: NetName=+3.7/4V Pin=U?-1
Added Pin To Net: NetName=RF_Connector Pin=U?-1
Added Pin To Net: NetName=GND Pin=U?-2
Add Net: Net with name "NetLED?_1" already exists
Add Net: Net with name "NetLED?_1" already exists
Add Net: Net with name "NetLED?_1" already exists
Added Member To Class: ClassName=RelèBluetooth Member=Component J? 1340152
Added Member To Class: ClassName=RelèBluetooth Member=Component J? 1729128
Added Member To Class: ClassName=RelèBluetooth Member=Component J? 1729128
Added Member To Class: ClassName=RelèBluetooth Member=Component J? 1729128
Added Member To Class: ClassName=RelèBluetooth Member=Component K? G6DN-1A-SL_DC5
Added Member To Class: ClassName=RelèBluetooth Member=Component K? G6DN-1A-SL_DC5
Added Member To Class: ClassName=RelèBluetooth Member=Component K? G6DN-1A-SL_DC5
Added Member To Class: ClassName=RelèBluetooth Member=Component LED? LTST-C191TBKT
Added Member To Class: ClassName=RelèBluetooth Member=Component LED? LTST-C191TBKT
Added Member To Class: ClassName=RelèBluetooth Member=Component LED? LTST-C191TBKT
Added Member To Class: ClassName=RelèBluetooth Member=Component R? ERJ-1GNF3300C
Added Member To Class: ClassName=RelèBluetooth Member=Component R? ERJ-1GNF3300C
Added Member To Class: ClassName=RelèBluetooth Member=Component R? ERJ-1GNF3300C
Added Member To Class: ClassName=RelèBluetooth Member=Component R? ERJ-6GEYJ513V
Added Member To Class: ClassName=RelèBluetooth Member=Component U? AM-RX12A-433P
