Add Component: Footprint Not Found 12BHC186P1GR
Added Pin To Net: NetName=+3.7/4V Pin=U?-1
Added Net: Name=+3.7/4V
Add Net: Net with name "NetLED?_1" already exists
Add Net: Net with name "NetLED?_1" already exists
Add Net: Net with name "NetLED?_1" already exists
Added Member To Class: ClassName=RelèBluetooth Member=Component J? 1729128
Added Member To Class: ClassName=RelèBluetooth Member=Component J? 1729128
Added Member To Class: ClassName=RelèBluetooth Member=Component J? 1340152
Added Member To Class: ClassName=RelèBluetooth Member=Component J? 1729128
Added Member To Class: ClassName=RelèBluetooth Member=Component K? G6DN-1A-SL_DC5
Added Member To Class: ClassName=RelèBluetooth Member=Component K? G6DN-1A-SL_DC5
Added Member To Class: ClassName=RelèBluetooth Member=Component K? G6DN-1A-SL_DC5
Added Member To Class: ClassName=RelèBluetooth Member=Component LED? LTST-C191TBKT
Added Member To Class: ClassName=RelèBluetooth Member=Component LED? LTST-C191TBKT
Added Member To Class: ClassName=RelèBluetooth Member=Component LED? LTST-C191TBKT
Added Member To Class: ClassName=RelèBluetooth Member=Component R? ERJ-1GNF3300C
Added Member To Class: ClassName=RelèBluetooth Member=Component R? ERJ-1GNF3300C
Added Member To Class: ClassName=RelèBluetooth Member=Component R? ERJ-1GNF3300C
Added Member To Class: ClassName=RelèBluetooth Member=Component R? ERJ-6GEYJ513V
Added Member To Class: ClassName=RelèBluetooth Member=Component U? AM-RX12A-433P
