Change Component Designator: OldDesignator= NewDesignator=C1
Change Component Designator: OldDesignator= NewDesignator=C2
Change Component Designator: OldDesignator= NewDesignator=C3
Change Component Designator: OldDesignator= NewDesignator=C4
Change Component Designator: OldDesignator= NewDesignator=C5
Change Component Designator: OldDesignator= NewDesignator=C6
Change Component Designator: OldDesignator= NewDesignator=C7
Change Component Designator: OldDesignator= NewDesignator=C8
Change Component Designator: OldDesignator= NewDesignator=C9
Change Component Designator: OldDesignator= NewDesignator=C10
Change Component Designator: OldDesignator= NewDesignator=C11
Change Component Designator: OldDesignator= NewDesignator=C12
Change Component Designator: OldDesignator= NewDesignator=C13
Change Component Designator: OldDesignator= NewDesignator=D1
Change Component Designator: OldDesignator= NewDesignator=FB1
Change Component Designator: OldDesignator= NewDesignator=FB2
Change Component Designator: OldDesignator= NewDesignator=IC1
Change Component Designator: OldDesignator= NewDesignator=IC2
Change Component Designator: OldDesignator= NewDesignator=J1
Change Component Designator: OldDesignator= NewDesignator=J2
Change Component Designator: OldDesignator= NewDesignator=J3
Change Component Designator: OldDesignator= NewDesignator=J4
Change Component Designator: OldDesignator= NewDesignator=LED1
Change Component Designator: OldDesignator= NewDesignator=LED2
Change Component Designator: OldDesignator= NewDesignator=LED3
Change Component Designator: OldDesignator= NewDesignator=LED4
Change Component Designator: OldDesignator= NewDesignator=R1
Change Component Designator: OldDesignator= NewDesignator=R2
Change Component Designator: OldDesignator= NewDesignator=R3
Change Component Designator: OldDesignator= NewDesignator=R4
Change Component Designator: OldDesignator= NewDesignator=R5
Change Component Designator: OldDesignator= NewDesignator=R6
Change Component Designator: OldDesignator= NewDesignator=R7
Change Component Designator: OldDesignator= NewDesignator=R8
Change Component Designator: OldDesignator= NewDesignator=R9
Change Component Designator: OldDesignator= NewDesignator=R10
Change Component Designator: OldDesignator= NewDesignator=R11
Change Component Designator: OldDesignator= NewDesignator=R12
Change Component Designator: OldDesignator= NewDesignator=R13
Change Component Designator: OldDesignator= NewDesignator=R14
Change Component Designator: OldDesignator= NewDesignator=R15
Change Component Designator: OldDesignator= NewDesignator=S1
Change Component Designator: OldDesignator= NewDesignator=U1
Change Component Designator: OldDesignator= NewDesignator=Y1
Add Component: Footprint Not Found CAPPM168X90N
Add Component: Footprint Not Found CAPPM168X90N
Added Component: Designator=C?(CAPC1608X90N)
Add component (AddParameter): Name = "Arrow Part Number"; Value = "0603YC104K4T2A"; VariantName = "[No Variations]"
Add component (AddParameter): Name = "Arrow Price/Stock"; Value = "https://www.arrow.com/en/products/0603yc104k4t2a/avx"; VariantName = "[No Variations]"
Add component (AddParameter): Name = "Datasheet Link"; Value = "https://componentsearchengine.com/Datasheets/1/06031A100FAT2A.pdf"; VariantName = "[No Variations]"
Add component (AddParameter): Name = "Height"; Value = "0.9mm"; VariantName = "[No Variations]"
Add component (AddParameter): Name = "Manufacturer_Name"; Value = "AVX"; VariantName = "[No Variations]"
Add component (AddParameter): Name = "Manufacturer_Part_Number"; Value = "0603YC104K4T2A"; VariantName = "[No Variations]"
Add component (AddParameter): Name = "Mouser Part Number"; Value = "581-0603YC104K4"; VariantName = "[No Variations]"
Add component (AddParameter): Name = "Mouser Price/Stock"; Value = "https://www.mouser.co.uk/ProductDetail/AVX/0603YC104K4T2A/?qs=Cej1j9ztgjHj4I01NaBI3A%3D%3D"; VariantName = "[No Variations]"
Added Component: Designator=C?(CAPC1608X90N)
Add component (AddParameter): Name = "Arrow Part Number"; Value = "0603YC104K4T2A"; VariantName = "[No Variations]"
Add component (AddParameter): Name = "Arrow Price/Stock"; Value = "https://www.arrow.com/en/products/0603yc104k4t2a/avx"; VariantName = "[No Variations]"
Add component (AddParameter): Name = "Datasheet Link"; Value = "https://componentsearchengine.com/Datasheets/1/06031A100FAT2A.pdf"; VariantName = "[No Variations]"
Add component (AddParameter): Name = "Height"; Value = "0.9mm"; VariantName = "[No Variations]"
Add component (AddParameter): Name = "Manufacturer_Name"; Value = "AVX"; VariantName = "[No Variations]"
Add component (AddParameter): Name = "Manufacturer_Part_Number"; Value = "0603YC104K4T2A"; VariantName = "[No Variations]"
Add component (AddParameter): Name = "Mouser Part Number"; Value = "581-0603YC104K4"; VariantName = "[No Variations]"
Add component (AddParameter): Name = "Mouser Price/Stock"; Value = "https://www.mouser.co.uk/ProductDetail/AVX/0603YC104K4T2A/?qs=Cej1j9ztgjHj4I01NaBI3A%3D%3D"; VariantName = "[No Variations]"
Added Component: Designator=IC?(DIP762W60P254L458H450Q4N)
Add component (AddParameter): Name = "Arrow Part Number"; Value = ""; VariantName = "[No Variations]"
Add component (AddParameter): Name = "Arrow Price/Stock"; Value = ""; VariantName = "[No Variations]"
Add component (AddParameter): Name = "Datasheet Link"; Value = "https://pdf1.alldatasheet.com/datasheet-pdf/view/43370/SHARP/PC817A.html"; VariantName = "[No Variations]"
Add component (AddParameter): Name = "Height"; Value = "4.5mm"; VariantName = "[No Variations]"
Add component (AddParameter): Name = "Manufacturer_Name"; Value = "Sharp Microelectronics"; VariantName = "[No Variations]"
Add component (AddParameter): Name = "Manufacturer_Part_Number"; Value = "PC817A"; VariantName = "[No Variations]"
Add component (AddParameter): Name = "Mouser Part Number"; Value = ""; VariantName = "[No Variations]"
Add component (AddParameter): Name = "Mouser Price/Stock"; Value = ""; VariantName = "[No Variations]"
Add Component: Footprint Not Found SOT290P700X180-4N
Added Component: Designator=IC?(DIP762W60P254L458H450Q4N)
Add component (AddParameter): Name = "Arrow Part Number"; Value = ""; VariantName = "[No Variations]"
Add component (AddParameter): Name = "Arrow Price/Stock"; Value = ""; VariantName = "[No Variations]"
Add component (AddParameter): Name = "Datasheet Link"; Value = "https://pdf1.alldatasheet.com/datasheet-pdf/view/43370/SHARP/PC817A.html"; VariantName = "[No Variations]"
Add component (AddParameter): Name = "Height"; Value = "4.5mm"; VariantName = "[No Variations]"
Add component (AddParameter): Name = "Manufacturer_Name"; Value = "Sharp Microelectronics"; VariantName = "[No Variations]"
Add component (AddParameter): Name = "Manufacturer_Part_Number"; Value = "PC817A"; VariantName = "[No Variations]"
Add component (AddParameter): Name = "Mouser Part Number"; Value = ""; VariantName = "[No Variations]"
Add component (AddParameter): Name = "Mouser Price/Stock"; Value = ""; VariantName = "[No Variations]"
Added Component: Designator=IC?(DIP762W60P254L458H450Q4N)
Add component (AddParameter): Name = "Arrow Part Number"; Value = ""; VariantName = "[No Variations]"
Add component (AddParameter): Name = "Arrow Price/Stock"; Value = ""; VariantName = "[No Variations]"
Add component (AddParameter): Name = "Datasheet Link"; Value = "https://pdf1.alldatasheet.com/datasheet-pdf/view/43370/SHARP/PC817A.html"; VariantName = "[No Variations]"
Add component (AddParameter): Name = "Height"; Value = "4.5mm"; VariantName = "[No Variations]"
Add component (AddParameter): Name = "Manufacturer_Name"; Value = "Sharp Microelectronics"; VariantName = "[No Variations]"
Add component (AddParameter): Name = "Manufacturer_Part_Number"; Value = "PC817A"; VariantName = "[No Variations]"
Add component (AddParameter): Name = "Mouser Part Number"; Value = ""; VariantName = "[No Variations]"
Add component (AddParameter): Name = "Mouser Price/Stock"; Value = ""; VariantName = "[No Variations]"
Added Component: Designator=IC?(DIP762W60P254L458H450Q4N)
Add component (AddParameter): Name = "Arrow Part Number"; Value = ""; VariantName = "[No Variations]"
Add component (AddParameter): Name = "Arrow Price/Stock"; Value = ""; VariantName = "[No Variations]"
Add component (AddParameter): Name = "Datasheet Link"; Value = "https://pdf1.alldatasheet.com/datasheet-pdf/view/43370/SHARP/PC817A.html"; VariantName = "[No Variations]"
Add component (AddParameter): Name = "Height"; Value = "4.5mm"; VariantName = "[No Variations]"
Add component (AddParameter): Name = "Manufacturer_Name"; Value = "Sharp Microelectronics"; VariantName = "[No Variations]"
Add component (AddParameter): Name = "Manufacturer_Part_Number"; Value = "PC817A"; VariantName = "[No Variations]"
Add component (AddParameter): Name = "Mouser Part Number"; Value = ""; VariantName = "[No Variations]"
Add component (AddParameter): Name = "Mouser Price/Stock"; Value = ""; VariantName = "[No Variations]"
Added Component: Designator=IC?(DIP762W60P254L458H450Q4N)
Add component (AddParameter): Name = "Arrow Part Number"; Value = ""; VariantName = "[No Variations]"
Add component (AddParameter): Name = "Arrow Price/Stock"; Value = ""; VariantName = "[No Variations]"
Add component (AddParameter): Name = "Datasheet Link"; Value = "https://pdf1.alldatasheet.com/datasheet-pdf/view/43370/SHARP/PC817A.html"; VariantName = "[No Variations]"
Add component (AddParameter): Name = "Height"; Value = "4.5mm"; VariantName = "[No Variations]"
Add component (AddParameter): Name = "Manufacturer_Name"; Value = "Sharp Microelectronics"; VariantName = "[No Variations]"
Add component (AddParameter): Name = "Manufacturer_Part_Number"; Value = "PC817A"; VariantName = "[No Variations]"
Add component (AddParameter): Name = "Mouser Part Number"; Value = ""; VariantName = "[No Variations]"
Add component (AddParameter): Name = "Mouser Price/Stock"; Value = ""; VariantName = "[No Variations]"
Added Component: Designator=IC?(DIP762W60P254L458H450Q4N)
Add component (AddParameter): Name = "Arrow Part Number"; Value = ""; VariantName = "[No Variations]"
Add component (AddParameter): Name = "Arrow Price/Stock"; Value = ""; VariantName = "[No Variations]"
Add component (AddParameter): Name = "Datasheet Link"; Value = "https://pdf1.alldatasheet.com/datasheet-pdf/view/43370/SHARP/PC817A.html"; VariantName = "[No Variations]"
Add component (AddParameter): Name = "Height"; Value = "4.5mm"; VariantName = "[No Variations]"
Add component (AddParameter): Name = "Manufacturer_Name"; Value = "Sharp Microelectronics"; VariantName = "[No Variations]"
Add component (AddParameter): Name = "Manufacturer_Part_Number"; Value = "PC817A"; VariantName = "[No Variations]"
Add component (AddParameter): Name = "Mouser Part Number"; Value = ""; VariantName = "[No Variations]"
Add component (AddParameter): Name = "Mouser Price/Stock"; Value = ""; VariantName = "[No Variations]"
Added Component: Designator=IC?(DIP762W60P254L458H450Q4N)
Add component (AddParameter): Name = "Arrow Part Number"; Value = ""; VariantName = "[No Variations]"
Add component (AddParameter): Name = "Arrow Price/Stock"; Value = ""; VariantName = "[No Variations]"
Add component (AddParameter): Name = "Datasheet Link"; Value = "https://pdf1.alldatasheet.com/datasheet-pdf/view/43370/SHARP/PC817A.html"; VariantName = "[No Variations]"
Add component (AddParameter): Name = "Height"; Value = "4.5mm"; VariantName = "[No Variations]"
Add component (AddParameter): Name = "Manufacturer_Name"; Value = "Sharp Microelectronics"; VariantName = "[No Variations]"
Add component (AddParameter): Name = "Manufacturer_Part_Number"; Value = "PC817A"; VariantName = "[No Variations]"
Add component (AddParameter): Name = "Mouser Part Number"; Value = ""; VariantName = "[No Variations]"
Add component (AddParameter): Name = "Mouser Price/Stock"; Value = ""; VariantName = "[No Variations]"
Added Component: Designator=IC?(DIP762W60P254L458H450Q4N)
Add component (AddParameter): Name = "Arrow Part Number"; Value = ""; VariantName = "[No Variations]"
Add component (AddParameter): Name = "Arrow Price/Stock"; Value = ""; VariantName = "[No Variations]"
Add component (AddParameter): Name = "Datasheet Link"; Value = "https://pdf1.alldatasheet.com/datasheet-pdf/view/43370/SHARP/PC817A.html"; VariantName = "[No Variations]"
Add component (AddParameter): Name = "Height"; Value = "4.5mm"; VariantName = "[No Variations]"
Add component (AddParameter): Name = "Manufacturer_Name"; Value = "Sharp Microelectronics"; VariantName = "[No Variations]"
Add component (AddParameter): Name = "Manufacturer_Part_Number"; Value = "PC817A"; VariantName = "[No Variations]"
Add component (AddParameter): Name = "Mouser Part Number"; Value = ""; VariantName = "[No Variations]"
Add component (AddParameter): Name = "Mouser Price/Stock"; Value = ""; VariantName = "[No Variations]"
Added Component: Designator=IC?(DIP762W60P254L458H450Q4N)
Add component (AddParameter): Name = "Arrow Part Number"; Value = ""; VariantName = "[No Variations]"
Add component (AddParameter): Name = "Arrow Price/Stock"; Value = ""; VariantName = "[No Variations]"
Add component (AddParameter): Name = "Datasheet Link"; Value = "https://pdf1.alldatasheet.com/datasheet-pdf/view/43370/SHARP/PC817A.html"; VariantName = "[No Variations]"
Add component (AddParameter): Name = "Height"; Value = "4.5mm"; VariantName = "[No Variations]"
Add component (AddParameter): Name = "Manufacturer_Name"; Value = "Sharp Microelectronics"; VariantName = "[No Variations]"
Add component (AddParameter): Name = "Manufacturer_Part_Number"; Value = "PC817A"; VariantName = "[No Variations]"
Add component (AddParameter): Name = "Mouser Part Number"; Value = ""; VariantName = "[No Variations]"
Add component (AddParameter): Name = "Mouser Price/Stock"; Value = ""; VariantName = "[No Variations]"
Added Component: Designator=IC?(DIP762W60P254L458H450Q4N)
Add component (AddParameter): Name = "Arrow Part Number"; Value = ""; VariantName = "[No Variations]"
Add component (AddParameter): Name = "Arrow Price/Stock"; Value = ""; VariantName = "[No Variations]"
Add component (AddParameter): Name = "Datasheet Link"; Value = "https://pdf1.alldatasheet.com/datasheet-pdf/view/43370/SHARP/PC817A.html"; VariantName = "[No Variations]"
Add component (AddParameter): Name = "Height"; Value = "4.5mm"; VariantName = "[No Variations]"
Add component (AddParameter): Name = "Manufacturer_Name"; Value = "Sharp Microelectronics"; VariantName = "[No Variations]"
Add component (AddParameter): Name = "Manufacturer_Part_Number"; Value = "PC817A"; VariantName = "[No Variations]"
Add component (AddParameter): Name = "Mouser Part Number"; Value = ""; VariantName = "[No Variations]"
Add component (AddParameter): Name = "Mouser Price/Stock"; Value = ""; VariantName = "[No Variations]"
Added Component: Designator=IC?(DIP762W60P254L458H450Q4N)
Add component (AddParameter): Name = "Arrow Part Number"; Value = ""; VariantName = "[No Variations]"
Add component (AddParameter): Name = "Arrow Price/Stock"; Value = ""; VariantName = "[No Variations]"
Add component (AddParameter): Name = "Datasheet Link"; Value = "https://pdf1.alldatasheet.com/datasheet-pdf/view/43370/SHARP/PC817A.html"; VariantName = "[No Variations]"
Add component (AddParameter): Name = "Height"; Value = "4.5mm"; VariantName = "[No Variations]"
Add component (AddParameter): Name = "Manufacturer_Name"; Value = "Sharp Microelectronics"; VariantName = "[No Variations]"
Add component (AddParameter): Name = "Manufacturer_Part_Number"; Value = "PC817A"; VariantName = "[No Variations]"
Add component (AddParameter): Name = "Mouser Part Number"; Value = ""; VariantName = "[No Variations]"
Add component (AddParameter): Name = "Mouser Price/Stock"; Value = ""; VariantName = "[No Variations]"
Added Component: Designator=IC?(DIP762W60P254L458H450Q4N)
Add component (AddParameter): Name = "Arrow Part Number"; Value = ""; VariantName = "[No Variations]"
Add component (AddParameter): Name = "Arrow Price/Stock"; Value = ""; VariantName = "[No Variations]"
Add component (AddParameter): Name = "Datasheet Link"; Value = "https://pdf1.alldatasheet.com/datasheet-pdf/view/43370/SHARP/PC817A.html"; VariantName = "[No Variations]"
Add component (AddParameter): Name = "Height"; Value = "4.5mm"; VariantName = "[No Variations]"
Add component (AddParameter): Name = "Manufacturer_Name"; Value = "Sharp Microelectronics"; VariantName = "[No Variations]"
Add component (AddParameter): Name = "Manufacturer_Part_Number"; Value = "PC817A"; VariantName = "[No Variations]"
Add component (AddParameter): Name = "Mouser Part Number"; Value = ""; VariantName = "[No Variations]"
Add component (AddParameter): Name = "Mouser Price/Stock"; Value = ""; VariantName = "[No Variations]"
Added Component: Designator=IC?(DIP762W60P254L458H450Q4N)
Add component (AddParameter): Name = "Arrow Part Number"; Value = ""; VariantName = "[No Variations]"
Add component (AddParameter): Name = "Arrow Price/Stock"; Value = ""; VariantName = "[No Variations]"
Add component (AddParameter): Name = "Datasheet Link"; Value = "https://pdf1.alldatasheet.com/datasheet-pdf/view/43370/SHARP/PC817A.html"; VariantName = "[No Variations]"
Add component (AddParameter): Name = "Height"; Value = "4.5mm"; VariantName = "[No Variations]"
Add component (AddParameter): Name = "Manufacturer_Name"; Value = "Sharp Microelectronics"; VariantName = "[No Variations]"
Add component (AddParameter): Name = "Manufacturer_Part_Number"; Value = "PC817A"; VariantName = "[No Variations]"
Add component (AddParameter): Name = "Mouser Part Number"; Value = ""; VariantName = "[No Variations]"
Add component (AddParameter): Name = "Mouser Price/Stock"; Value = ""; VariantName = "[No Variations]"
Added Component: Designator=IC?(DIP762W60P254L458H450Q4N)
Add component (AddParameter): Name = "Arrow Part Number"; Value = ""; VariantName = "[No Variations]"
Add component (AddParameter): Name = "Arrow Price/Stock"; Value = ""; VariantName = "[No Variations]"
Add component (AddParameter): Name = "Datasheet Link"; Value = "https://pdf1.alldatasheet.com/datasheet-pdf/view/43370/SHARP/PC817A.html"; VariantName = "[No Variations]"
Add component (AddParameter): Name = "Height"; Value = "4.5mm"; VariantName = "[No Variations]"
Add component (AddParameter): Name = "Manufacturer_Name"; Value = "Sharp Microelectronics"; VariantName = "[No Variations]"
Add component (AddParameter): Name = "Manufacturer_Part_Number"; Value = "PC817A"; VariantName = "[No Variations]"
Add component (AddParameter): Name = "Mouser Part Number"; Value = ""; VariantName = "[No Variations]"
Add component (AddParameter): Name = "Mouser Price/Stock"; Value = ""; VariantName = "[No Variations]"
Added Component: Designator=IC?(DIP762W60P254L458H450Q4N)
Add component (AddParameter): Name = "Arrow Part Number"; Value = ""; VariantName = "[No Variations]"
Add component (AddParameter): Name = "Arrow Price/Stock"; Value = ""; VariantName = "[No Variations]"
Add component (AddParameter): Name = "Datasheet Link"; Value = "https://pdf1.alldatasheet.com/datasheet-pdf/view/43370/SHARP/PC817A.html"; VariantName = "[No Variations]"
Add component (AddParameter): Name = "Height"; Value = "4.5mm"; VariantName = "[No Variations]"
Add component (AddParameter): Name = "Manufacturer_Name"; Value = "Sharp Microelectronics"; VariantName = "[No Variations]"
Add component (AddParameter): Name = "Manufacturer_Part_Number"; Value = "PC817A"; VariantName = "[No Variations]"
Add component (AddParameter): Name = "Mouser Part Number"; Value = ""; VariantName = "[No Variations]"
Add component (AddParameter): Name = "Mouser Price/Stock"; Value = ""; VariantName = "[No Variations]"
Added Component: Designator=IC?(DIP762W60P254L458H450Q4N)
Add component (AddParameter): Name = "Arrow Part Number"; Value = ""; VariantName = "[No Variations]"
Add component (AddParameter): Name = "Arrow Price/Stock"; Value = ""; VariantName = "[No Variations]"
Add component (AddParameter): Name = "Datasheet Link"; Value = "https://pdf1.alldatasheet.com/datasheet-pdf/view/43370/SHARP/PC817A.html"; VariantName = "[No Variations]"
Add component (AddParameter): Name = "Height"; Value = "4.5mm"; VariantName = "[No Variations]"
Add component (AddParameter): Name = "Manufacturer_Name"; Value = "Sharp Microelectronics"; VariantName = "[No Variations]"
Add component (AddParameter): Name = "Manufacturer_Part_Number"; Value = "PC817A"; VariantName = "[No Variations]"
Add component (AddParameter): Name = "Mouser Part Number"; Value = ""; VariantName = "[No Variations]"
Add component (AddParameter): Name = "Mouser Price/Stock"; Value = ""; VariantName = "[No Variations]"
Add Component: Footprint Not Found HDRV16W79P0X254_1X16_4064X254X874P
Add Component: Footprint Not Found PCM12SMTR
Added Pin To Net: NetName=GND Pin=C?-1
Added Pin To Net: NetName=GND Pin=C?-1
Added Pin To Net: NetName=GND Pin=C?-2
Added Pin To Net: NetName=GND Pin=IC?-1
Added Pin To Net: NetName=GND Pin=IC?-2
Added Pin To Net: NetName=GND Pin=IC?-2
Added Pin To Net: NetName=GND Pin=IC?-2
Added Pin To Net: NetName=GND Pin=IC?-2
Added Pin To Net: NetName=GND Pin=IC?-2
Added Pin To Net: NetName=GND Pin=IC?-2
Added Pin To Net: NetName=GND Pin=IC?-2
Added Pin To Net: NetName=GND Pin=IC?-2
Added Pin To Net: NetName=GND Pin=IC?-2
Added Pin To Net: NetName=GND Pin=IC?-2
Added Pin To Net: NetName=GND Pin=IC?-2
Added Pin To Net: NetName=GND Pin=IC?-2
Added Pin To Net: NetName=GND Pin=IC?-2
Added Pin To Net: NetName=GND Pin=IC?-2
Added Pin To Net: NetName=GND Pin=IC?-2
Added Pin To Net: NetName=GND Pin=IC?-2
Add Pin To Net: Unknown Pin: Pin S?-MP1
Add Pin To Net: Unknown Pin: Pin S?-MP2
Add Pin To Net: Unknown Pin: Pin S?-MP3
Add Pin To Net: Unknown Pin: Pin S?-MP4
Added Pin To Net: NetName=5V/12V Pin=IC?-4
Added Pin To Net: NetName=5V/12V Pin=IC?-4
Added Pin To Net: NetName=5V/12V Pin=IC?-4
Added Pin To Net: NetName=5V/12V Pin=IC?-4
Added Pin To Net: NetName=5V/12V Pin=IC?-4
Added Pin To Net: NetName=5V/12V Pin=IC?-4
Added Pin To Net: NetName=5V/12V Pin=IC?-4
Added Pin To Net: NetName=5V/12V Pin=IC?-4
Added Pin To Net: NetName=5V/12V Pin=IC?-4
Added Pin To Net: NetName=5V/12V Pin=IC?-4
Added Pin To Net: NetName=5V/12V Pin=IC?-4
Added Pin To Net: NetName=5V/12V Pin=IC?-4
Added Pin To Net: NetName=5V/12V Pin=IC?-4
Added Pin To Net: NetName=5V/12V Pin=IC?-4
Added Pin To Net: NetName=5V/12V Pin=IC?-4
Added Pin To Net: NetName=5V/12V Pin=IC?-4
Added Net: Name=5V/12V
Added Pin To Net: NetName=5VS Pin=C?-1
Added Pin To Net: NetName=5VS Pin=C?-2
Added Pin To Net: NetName=5VS Pin=IC?-2
Added Net: Name=5VS
Added Pin To Net: NetName=12VS Pin=C?-1
Added Pin To Net: NetName=12VS Pin=C?-2
Added Pin To Net: NetName=12VS Pin=IC?-3
Added Net: Name=12VS
Added Pin To Net: NetName=NetLabel125 Pin=IC?-1
Added Net: Name=NetLabel125
Added Pin To Net: NetName=NetLabel126 Pin=IC?-1
Added Net: Name=NetLabel126
Added Pin To Net: NetName=NetLabel127 Pin=IC?-1
Added Net: Name=NetLabel127
Added Pin To Net: NetName=NetLabel128 Pin=IC?-1
Added Net: Name=NetLabel128
Added Pin To Net: NetName=NetLabel129 Pin=IC?-1
Added Net: Name=NetLabel129
Added Pin To Net: NetName=NetLabel130 Pin=IC?-1
Added Net: Name=NetLabel130
Added Pin To Net: NetName=NetLabel131 Pin=IC?-1
Added Net: Name=NetLabel131
Added Pin To Net: NetName=NetLabel132 Pin=IC?-1
Added Net: Name=NetLabel132
Added Pin To Net: NetName=NetLabel133 Pin=IC?-1
Added Net: Name=NetLabel133
Added Pin To Net: NetName=NetLabel134 Pin=IC?-1
Added Net: Name=NetLabel134
Added Pin To Net: NetName=NetLabel135 Pin=IC?-1
Added Net: Name=NetLabel135
Added Pin To Net: NetName=NetLabel136 Pin=IC?-1
Added Net: Name=NetLabel136
Added Pin To Net: NetName=NetLabel137 Pin=IC?-1
Added Net: Name=NetLabel137
Added Pin To Net: NetName=NetLabel138 Pin=IC?-1
Added Net: Name=NetLabel138
Added Pin To Net: NetName=NetLabel139 Pin=IC?-1
Added Net: Name=NetLabel139
Added Pin To Net: NetName=NetLabel140 Pin=IC?-1
Added Net: Name=NetLabel140
Added Pin To Net: NetName=NetLabel141 Pin=IC?-3
Added Net: Name=NetLabel141
Added Pin To Net: NetName=NetLabel142 Pin=IC?-3
Added Net: Name=NetLabel142
Added Pin To Net: NetName=NetLabel143 Pin=IC?-3
Added Net: Name=NetLabel143
Added Pin To Net: NetName=NetLabel144 Pin=IC?-3
Added Net: Name=NetLabel144
Added Pin To Net: NetName=NetLabel145 Pin=IC?-3
Added Net: Name=NetLabel145
Added Pin To Net: NetName=NetLabel146 Pin=IC?-3
Added Net: Name=NetLabel146
Added Pin To Net: NetName=NetLabel147 Pin=IC?-3
Added Net: Name=NetLabel147
Added Pin To Net: NetName=NetLabel149 Pin=IC?-3
Added Net: Name=NetLabel149
Added Pin To Net: NetName=NetLabel150 Pin=IC?-3
Added Net: Name=NetLabel150
Added Pin To Net: NetName=NetLabel151 Pin=IC?-3
Added Net: Name=NetLabel151
Added Pin To Net: NetName=NetLabel152 Pin=IC?-3
Added Net: Name=NetLabel152
Added Pin To Net: NetName=NetLabel153 Pin=IC?-3
Added Net: Name=NetLabel153
Added Pin To Net: NetName=NetLabel154 Pin=IC?-3
Added Net: Name=NetLabel154
Added Pin To Net: NetName=NetLabel155 Pin=IC?-3
Added Net: Name=NetLabel155
Added Pin To Net: NetName=NetLabel156 Pin=IC?-3
Added Net: Name=NetLabel156
Added Pin To Net: NetName=NetLabel157 Pin=IC?-3
Added Net: Name=NetLabel157
Added Class: Name=OptoIso
Added Member To Class: ClassName=MioMicro Member=Component C1 04025C104KAT2A
Added Member To Class: ClassName=MioMicro Member=Component C2 02016D474KAT2A
Added Member To Class: ClassName=MioMicro Member=Component C3 02013A150GAT2A
Added Member To Class: ClassName=MioMicro Member=Component C4 06033G104ZAT2A
Added Member To Class: ClassName=MioMicro Member=Component C5 02013A150GAT2A
Added Member To Class: ClassName=MioMicro Member=Component C6 C0603C475K9PACTU
Added Member To Class: ClassName=MioMicro Member=Component C7 C0603C475K9PACTU
Added Member To Class: ClassName=MioMicro Member=Component C8 04025C104KAT2A
Added Member To Class: ClassName=MioMicro Member=Component C9 04025C104KAT2A
Added Member To Class: ClassName=MioMicro Member=Component C10 C0603C475K9PACTU
Added Member To Class: ClassName=MioMicro Member=Component C11 04025C104KAT2A
Added Member To Class: ClassName=MioMicro Member=Component C12 04025C104KAT2A
Added Member To Class: ClassName=MioMicro Member=Component C13 C0603C475K9PACTU
Added Member To Class: ClassName=MioMicro Member=Component D1 PRTR5V0U2X,215
Added Member To Class: ClassName=MioMicro Member=Component FB1 BLM18PG471SN1D
Added Member To Class: ClassName=MioMicro Member=Component FB2 BLM18PG471SN1D
Added Member To Class: ClassName=MioMicro Member=Component IC1 632723100011
Added Member To Class: ClassName=MioMicro Member=Component IC2 LM1117IMP-3.3_NOPB
Added Member To Class: ClassName=MioMicro Member=Component J1 61301611821
Added Member To Class: ClassName=MioMicro Member=Component J2 61301611821
Added Member To Class: ClassName=MioMicro Member=Component J3 61301021121
Added Member To Class: ClassName=MioMicro Member=Component J4 PH2-06-UA
Added Member To Class: ClassName=MioMicro Member=Component LED1 SML-D12Y8WT86
Added Member To Class: ClassName=MioMicro Member=Component LED2 SML-D12Y8WT86
Added Member To Class: ClassName=MioMicro Member=Component LED3 HSMG-C190
Added Member To Class: ClassName=MioMicro Member=Component LED4 SML-D12Y8WT86
Added Member To Class: ClassName=MioMicro Member=Component R1 ERA-3AED512V
Added Member To Class: ClassName=MioMicro Member=Component R2 CR0603-JW-104ELF
Added Member To Class: ClassName=MioMicro Member=Component R3 CR0603-FX-3300GLF
Added Member To Class: ClassName=MioMicro Member=Component R4 CR0603-FX-3300GLF
Added Member To Class: ClassName=MioMicro Member=Component R5 RK73H1ETTP1372F
Added Member To Class: ClassName=MioMicro Member=Component R6 CR0603-FX-3300GLF
Added Member To Class: ClassName=MioMicro Member=Component R7 CR0603-FX-3300GLF
Added Member To Class: ClassName=MioMicro Member=Component R8 ERA-3AED512V
Added Member To Class: ClassName=MioMicro Member=Component R9 ERA-3AED512V
Added Member To Class: ClassName=MioMicro Member=Component R10 ERA-3AED512V
Added Member To Class: ClassName=MioMicro Member=Component R11 ERA-3AED512V
Added Member To Class: ClassName=MioMicro Member=Component R12 ERA-3AED512V
Added Member To Class: ClassName=MioMicro Member=Component R13 ERA-3AED512V
Added Member To Class: ClassName=MioMicro Member=Component R14 ERA-3AED512V
Added Member To Class: ClassName=MioMicro Member=Component R15 ERA-3AED512V
Added Member To Class: ClassName=MioMicro Member=Component S1 1571636-3
Added Member To Class: ClassName=MioMicro Member=Component U1 R7FA4M1AB3CFM#AA0
Added Member To Class: ClassName=MioMicro Member=Component Y1 ABM10-16.000MHZ-1-N20
